[23:10:10] [main/INFO]: Setting user: Player662
[23:10:12] [Client thread/INFO]: LWJGL Version: 2.9.1
[23:10:21] [Client thread/INFO]: Reloading ResourceManager: Default, FMLFileResourcePack:Forge Mod Loader, FMLFileResourcePack:Minecraft Forge, FMLFileResourcePack:The Utility Mod
[23:10:22] [Sound Library Loader/INFO]: Sound engine started
[23:10:24] [Client thread/INFO]: Created: 16x16 textures/blocks-atlas
[23:10:24] [Client thread/INFO]: Created: 16x16 textures/items-atlas
[23:10:25] [Client thread/INFO]: Reloading ResourceManager: Default, FMLFileResourcePack:Forge Mod Loader, FMLFileResourcePack:Minecraft Forge, FMLFileResourcePack:The Utility Mod
[23:10:25] [Client thread/INFO]: Created: 512x256 textures/blocks-atlas
[23:10:25] [Client thread/INFO]: Created: 256x256 textures/items-atlas
[23:10:26] [Sound Library Loader/INFO]: Sound engine started
[23:10:43] [Server thread/INFO]: Starting integrated minecraft server version 1.7.10
[23:10:43] [Server thread/INFO]: Generating keypair
[23:10:44] [Server thread/INFO]: Preparing start region for level 0
[23:10:45] [Server thread/INFO]: Changing view distance to 12, from 10
[23:10:45] [Server thread/INFO]: Player662[local:E:1a5736ee] logged in with entity id 191 at (-1779.5, 4.0, 653.5)
[23:10:45] [Server thread/INFO]: Player662 joined the game
[23:10:48] [Server thread/INFO]: Player662 has just earned the achievement [Taking Inventory]
[23:10:48] [Client thread/INFO]: [CHAT] Player662 has just earned the achievement [Taking Inventory]
[23:11:52] [Server thread/INFO]: Saving and pausing game...
[23:11:52] [Server thread/INFO]: Saving chunks for level 'TestWorld'/Overworld
[23:11:52] [Server thread/INFO]: Saving chunks for level 'TestWorld'/Nether
[23:11:52] [Server thread/INFO]: Saving chunks for level 'TestWorld'/The End
[23:11:52] [Server thread/INFO]: Stopping server
[23:11:52] [Server thread/INFO]: Saving players
[23:11:52] [Server thread/INFO]: Saving worlds
[23:11:52] [Server thread/INFO]: Saving chunks for level 'TestWorld'/Overworld
[23:11:52] [Server thread/INFO]: Saving chunks for level 'TestWorld'/Nether
[23:11:52] [Server thread/INFO]: Saving chunks for level 'TestWorld'/The End
[23:11:56] [Client thread/INFO]: Stopping!
